<?xml version="1.0" encoding="UTF-8"?>
<!-- Generated by org.testng.reporters.JUnitReportReporter -->
<testsuite skipped="0" hostname="FIRATs-MPro-Retina.local" name="ApiTest" tests="4" failures="0" timestamp="2021-08-21T23:29:52 EDT" time="4.125" errors="0">
  <testcase name="createPet" time="2.804" classname="ApiTest"/>
  <system-out/>
  <testcase name="uploadImageToPet" time="0.568" classname="ApiTest"/>
  <system-out/>
  <testcase name="searchNewPet" time="0.384" classname="ApiTest"/>
  <system-out/>
  <testcase name="searchSoldPets" time="0.369" classname="ApiTest"/>
  <system-out/>
</testsuite> <!-- ApiTest -->
